30 runs queued
[1/30] bull_wave_pure_wr already done, skipping
[2/30] bull_wave_wr_combo_rec ...
    ok (1554s) | Total profit %                         | 1.60%                                     |
[3/30] bull_wave_life_wr_first ...
    ok (2339s) | Total profit %                         | 1.39%                                     |
[4/30] bull_wave_life_grid_first ...
    ok (2575s) | Total profit %                         | 1.32%                                     |
[5/30] bull_wave_life_no_grace ...
    ok (3036s) | Total profit %                         | 1.23%                                     |
[6/30] bull_volume_pure_wr ...
    ok (737s) | Total profit %                         | 3.64%                                     |
[7/30] bull_volume_wr_combo_rec ...
    ok (967s) | Total profit %                         | 3.34%                                     |
[8/30] bull_volume_life_wr_first ...
    ok (1650s) | Total profit %                         | 3.59%                                     |
[9/30] bull_volume_life_grid_first ...
    ok (2734s) | Total profit %                         | 3.61%                                     |
[10/30] bull_volume_life_no_grace ...
    ok (1988s) | Total profit %                         | 2.75%                                     |
[11/30] chop_wave_pure_wr ...
    ok (1528s) | Total profit %                         | 0.45%                                     |
[12/30] chop_wave_wr_combo_rec ...
    ok (2202s) | Total profit %                         | 0.86%                                     |
[13/30] chop_wave_life_wr_first ...
    ok (3335s) | Total profit %                         | -0.72%                                    |
[14/30] chop_wave_life_grid_first ...
    ok (3432s) | Total profit %                         | 0.95%                                     |
[15/30] chop_wave_life_no_grace ...
    ok (3678s) | Total profit %                         | -0.08%                                    |
[16/30] chop_volume_pure_wr ...
    ok (568s) | Total profit %                         | 0.83%                                     |
[17/30] chop_volume_wr_combo_rec ...
    ok (946s) | Total profit %                         | 0.78%                                     |
[18/30] chop_volume_life_wr_first ...
    ok (1432s) | Total profit %                         | 0.33%                                     |
[19/30] chop_volume_life_grid_first ...
    FAILED (9s):   File "/freqtrade/freqtrade/strategy/informative_decorator.py", line 140, in _create_and_merge_informative_pair |     raise ValueError( |     ...<2 lines>... |     ) | ValueError: Informative dataframe for (XRP/USDT, 4h, spot) is empty. Can't populate informative indicators.
[20/30] chop_volume_life_no_grace ...
    FAILED (8s):   File "/freqtrade/freqtrade/strategy/informative_decorator.py", line 140, in _create_and_merge_informative_pair |     raise ValueError( |     ...<2 lines>... |     ) | ValueError: Informative dataframe for (XRP/USDT, 4h, spot) is empty. Can't populate informative indicators.
[21/30] bear_wave_pure_wr ...
    FAILED (8s):   File "/freqtrade/freqtrade/strategy/informative_decorator.py", line 140, in _create_and_merge_informative_pair |     raise ValueError( |     ...<2 lines>... |     ) | ValueError: Informative dataframe for (ALLO/USDT, 4h, spot) is empty. Can't populate informative indicators.
[22/30] bear_wave_wr_combo_rec ...
    FAILED (8s):   File "/freqtrade/freqtrade/strategy/informative_decorator.py", line 140, in _create_and_merge_informative_pair |     raise ValueError( |     ...<2 lines>... |     ) | ValueError: Informative dataframe for (ALLO/USDT, 4h, spot) is empty. Can't populate informative indicators.
[23/30] bear_wave_life_wr_first ...
    FAILED (8s):   File "/freqtrade/freqtrade/strategy/informative_decorator.py", line 140, in _create_and_merge_informative_pair |     raise ValueError( |     ...<2 lines>... |     ) | ValueError: Informative dataframe for (ALLO/USDT, 4h, spot) is empty. Can't populate informative indicators.
[24/30] bear_wave_life_grid_first ...
    FAILED (8s):   File "/freqtrade/freqtrade/strategy/informative_decorator.py", line 140, in _create_and_merge_informative_pair |     raise ValueError( |     ...<2 lines>... |     ) | ValueError: Informative dataframe for (ALLO/USDT, 4h, spot) is empty. Can't populate informative indicators.
[25/30] bear_wave_life_no_grace ...
    FAILED (8s):   File "/freqtrade/freqtrade/strategy/informative_decorator.py", line 140, in _create_and_merge_informative_pair |     raise ValueError( |     ...<2 lines>... |     ) | ValueError: Informative dataframe for (ALLO/USDT, 4h, spot) is empty. Can't populate informative indicators.
[26/30] bear_volume_pure_wr ...
    FAILED (8s):   File "/freqtrade/freqtrade/strategy/informative_decorator.py", line 140, in _create_and_merge_informative_pair |     raise ValueError( |     ...<2 lines>... |     ) | ValueError: Informative dataframe for (BTC/USDT, 4h, spot) is empty. Can't populate informative indicators.
[27/30] bear_volume_wr_combo_rec ...
    FAILED (8s):   File "/freqtrade/freqtrade/strategy/informative_decorator.py", line 140, in _create_and_merge_informative_pair |     raise ValueError( |     ...<2 lines>... |     ) | ValueError: Informative dataframe for (BTC/USDT, 4h, spot) is empty. Can't populate informative indicators.
[28/30] bear_volume_life_wr_first ...
    FAILED (8s):   File "/freqtrade/freqtrade/strategy/informative_decorator.py", line 140, in _create_and_merge_informative_pair |     raise ValueError( |     ...<2 lines>... |     ) | ValueError: Informative dataframe for (BTC/USDT, 4h, spot) is empty. Can't populate informative indicators.
[29/30] bear_volume_life_grid_first ...
    FAILED (8s):   File "/freqtrade/freqtrade/strategy/informative_decorator.py", line 140, in _create_and_merge_informative_pair |     raise ValueError( |     ...<2 lines>... |     ) | ValueError: Informative dataframe for (BTC/USDT, 4h, spot) is empty. Can't populate informative indicators.
[30/30] bear_volume_life_no_grace ...
    FAILED (9s):   File "/freqtrade/freqtrade/strategy/informative_decorator.py", line 140, in _create_and_merge_informative_pair |     raise ValueError( |     ...<2 lines>... |     ) | ValueError: Informative dataframe for (BTC/USDT, 4h, spot) is empty. Can't populate informative indicators.

done: 18 ok, 12 failed
failed runs: chop_volume_life_grid_first, chop_volume_life_no_grace, bear_wave_pure_wr, bear_wave_wr_combo_rec, bear_wave_life_wr_first, bear_wave_life_grid_first, bear_wave_life_no_grace, bear_volume_pure_wr, bear_volume_wr_combo_rec, bear_volume_life_wr_first, bear_volume_life_grid_first, bear_volume_life_no_grace
