stage-2: 18 runs queued
[1/18] bear2022b_d1_v105 ...
  bear2022b_d1_v105 ok (1000s) | Total profit %                         | -0.28%                                    |
[2/18] bear2022b_d1_v110 ...
  bear2022b_d1_v110 ok (898s) | Total profit %                         | -0.17%                                    |
[3/18] bear2022b_d2_v105 ...
  bear2022b_d2_v105 ok (737s) | Total profit %                         | -0.12%                                    |
[4/18] bear2022b_d2_v110 ...
  bear2022b_d2_v110 FAILED (567s): 2026-07-16 22:58:53,732 - WaveRiderDCA - INFO - CRASH FREEZE released (BTC/USDT -1.3%/24h after 14.8h) - buys resume | 2026-07-16 22:59:14,702 - WaveRiderDCA - INFO - GTC/USDT: CORRIDOR BRAKE latched (drawdown 12.6% > 12.0% (1.5x wave 3.2%)) - sell-only until this deal closes | time="2026-07-17T04:30:16+05:30" level=error msg="error waiting for container: unexpected EOF"
[5/18] bear2022b_d3_v105 ...
  bear2022b_d3_v105 FAILED (1s): failed to connect to the docker API at npipe:////./pipe/dockerDesktopLinuxEngine; check if the path is correct and if the daemon is running: open //./pipe/dockerDesktopLinuxEngine: The system cannot find the file specified.
[6/18] bear2022b_d3_v110 ...
  bear2022b_d3_v110 FAILED (0s): failed to connect to the docker API at npipe:////./pipe/dockerDesktopLinuxEngine; check if the path is correct and if the daemon is running: open //./pipe/dockerDesktopLinuxEngine: The system cannot find the file specified.
stage-2: 18 runs queued
[1/18] bear2022b_d1_v105 ...
  bear2022b_d1_v105 already done, skipping
[2/18] bear2022b_d1_v110 ...
  bear2022b_d1_v110 already done, skipping
[3/18] bear2022b_d2_v105 ...
  bear2022b_d2_v105 already done, skipping
[4/18] bear2022b_d2_v110 ...
