20 tail runs queued
[1/20] crash2021_no_governors ...
    ok (2342s) | Total profit %                         | -2.71%                                    |
[2/20] crash2021_all_m15 ...
    ok (446s) | Total profit %                         | -3.01%                                    |
[3/20] crash2021_brake_only_m15 ...
    ok (435s) | Total profit %                         | -3.01%                                    |
[4/20] crash2021_freeze_agg_fixed ...
    ok (2346s) | Total profit %                         | -3.36%                                    |
[5/20] crash2021_all_m15_v105 ...
    ok (581s) | Total profit %                         | -2.79%                                    |
[6/20] bear2022a_no_governors ...
    ok (1839s) | Total profit %                         | -9.85%                                    |
[7/20] bear2022a_all_m15 ...
    ok (368s) | Total profit %                         | -3.33%                                    |
[8/20] bear2022a_brake_only_m15 ...
    ok (352s) | Total profit %                         | -3.35%                                    |
[9/20] bear2022a_freeze_agg_fixed ...
    ok (2176s) | Total profit %                         | -7.83%                                    |
[10/20] bear2022a_all_m15_v105 ...
    ok (366s) | Total profit %                         | -3.08%                                    |
[11/20] bear2022b_no_governors ...
    ok (2172s) | Total profit %                         | 2.66%                                     |
[12/20] bear2022b_all_m15 ...
    ok (745s) | Total profit %                         | -0.10%                                    |
[13/20] bear2022b_brake_only_m15 ...
    ok (729s) | Total profit %                         | -0.12%                                    |
[14/20] bear2022b_freeze_agg_fixed ...
    ok (1985s) | Total profit %                         | 1.00%                                     |
[15/20] bear2022b_all_m15_v105 ...
    ok (729s) | Total profit %                         | -0.09%                                    |
[16/20] ftxchop_no_governors ...
    ok (3341s) | Total profit %                         | 0.80%                                     |
[17/20] ftxchop_all_m15 ...
    ok (1600s) | Total profit %                         | 0.26%                                     |
[18/20] ftxchop_brake_only_m15 ...
    ok (1508s) | Total profit %                         | 0.27%                                     |
[19/20] ftxchop_freeze_agg_fixed ...
    ok (4354s) | Total profit %                         | 0.61%                                     |
[20/20] ftxchop_all_m15_v105 ...
    ok (1515s) | Total profit %                         | 0.24%                                     |

done: 20 ok, 0 failed
