28 tail runs queued
[1/28] crash2021_no_governors ...
    ok (2388s) | Total profit %                         | -3.14%                                    |
[2/28] crash2021_all_m15 ...
    ok (463s) | Total profit %                         | -2.88%                                    |
[3/28] crash2021_all_m20 ...
    ok (473s) | Total profit %                         | -3.06%                                    |
[4/28] crash2021_all_m25 ...
    ok (569s) | Total profit %                         | -3.36%                                    |
[5/28] crash2021_brake_only_m15 ...
    ok (471s) | Total profit %                         | -2.88%                                    |
[6/28] crash2021_freeze_agg_only ...
    ok (2538s) | Total profit %                         | -3.14%                                    |
[7/28] crash2021_all_m15_v105 ...
    ok (457s) | Total profit %                         | -2.67%                                    |
[8/28] bear2022a_no_governors ...
    ok (1883s) | Total profit %                         | -8.13%                                    |
[9/28] bear2022a_all_m15 ...
    ok (392s) | Total profit %                         | -2.95%                                    |
[10/28] bear2022a_all_m20 ...
    ok (402s) | Total profit %                         | -2.95%                                    |
[11/28] bear2022a_all_m25 ...
    ok (425s) | Total profit %                         | -3.04%                                    |
[12/28] bear2022a_brake_only_m15 ...
    ok (378s) | Total profit %                         | -2.95%                                    |
[13/28] bear2022a_freeze_agg_only ...
    ok (1930s) | Total profit %                         | -8.13%                                    |
[14/28] bear2022a_all_m15_v105 ...
    ok (426s) | Total profit %                         | -2.73%                                    |
[15/28] bear2022b_no_governors ...
    ok (3067s) | Total profit %                         | 2.68%                                     |
[16/28] bear2022b_all_m15 ...
    ok (972s) | Total profit %                         | -0.13%                                    |
[17/28] bear2022b_all_m20 ...
    ok (936s) | Total profit %                         | -0.13%                                    |
[18/28] bear2022b_all_m25 ...
    ok (850s) | Total profit %                         | -0.12%                                    |
[19/28] bear2022b_brake_only_m15 ...
    ok (978s) | Total profit %                         | -0.13%                                    |
[20/28] bear2022b_freeze_agg_only ...
    ok (2862s) | Total profit %                         | 2.68%                                     |
[21/28] bear2022b_all_m15_v105 ...
    ok (725s) | Total profit %                         | -0.16%                                    |
[22/28] ftxchop_no_governors ...
    ok (2017s) | Total profit %                         | 0.74%                                     |
[23/28] ftxchop_all_m15 ...
    ok (657s) | Total profit %                         | 0.09%                                     |
[24/28] ftxchop_all_m20 ...
    ok (639s) | Total profit %                         | 0.09%                                     |
[25/28] ftxchop_all_m25 ...
    ok (636s) | Total profit %                         | 0.09%                                     |
[26/28] ftxchop_brake_only_m15 ...
    ok (622s) | Total profit %                         | 0.09%                                     |
[27/28] ftxchop_freeze_agg_only ...
    ok (2054s) | Total profit %                         | 0.74%                                     |
[28/28] ftxchop_all_m15_v105 ...
    ok (642s) | Total profit %                         | 0.07%                                     |

done: 28 ok, 0 failed
